0 verbose cli C:\Program Files\nodejs\node.exe C:\Program Files\nodejs\node_modules\npm\bin\npm-cli.js
1 info using npm@11.8.0
2 info using node@v24.13.1
3 silly config load:file:C:\Program Files\nodejs\node_modules\npm\npmrc
4 silly config load:file:D:\blog\dynamic-blog-portfolio\.npmrc
5 silly config load:file:C:\Users\rsanjuan\.npmrc
6 silly config load:file:C:\Users\rsanjuan\AppData\Roaming\npm\etc\npmrc
7 verbose title npm install
8 verbose argv "install" "--package-lock-only" "--ignore-scripts"
9 verbose logfile logs-max:10 dir:d:\blog\dynamic-blog-portfolio\.npm-cache\_logs\2026-04-27T06_53_23_602Z-
10 verbose logfile d:\blog\dynamic-blog-portfolio\.npm-cache\_logs\2026-04-27T06_53_23_602Z-debug-0.log
11 silly logfile done cleaning log files
12 http fetch GET https://registry.npmjs.org/npm attempt 1 failed with ECONNREFUSED
13 silly packumentCache heap:4496293888 maxSize:1124073472 maxEntrySize:562036736
14 silly idealTree buildDeps
15 http cache https://registry.npmjs.org/@tailwindcss/oxide-wasm32-wasi/-/oxide-wasm32-wasi-4.2.2.tgz 0ms (cache hit)
16 silly tarball no local data for https://registry.npmjs.org/@tailwindcss/oxide-wasm32-wasi/-/oxide-wasm32-wasi-4.2.2.tgz. Extracting by manifest.
17 verbose stack Error: request to https://registry.npmjs.org/@tailwindcss/oxide-wasm32-wasi/-/oxide-wasm32-wasi-4.2.2.tgz failed: cache mode is 'only-if-cached' but no cached response is available.
17 verbose stack     at cacheFetch (C:\Program Files\nodejs\node_modules\npm\node_modules\make-fetch-happen\lib\cache\index.js:12:13)
17 verbose stack     at async fetch (C:\Program Files\nodejs\node_modules\npm\node_modules\make-fetch-happen\lib\fetch.js:98:7)
18 error code ENOTCACHED
19 error request to https://registry.npmjs.org/@tailwindcss/oxide-wasm32-wasi/-/oxide-wasm32-wasi-4.2.2.tgz failed: cache mode is 'only-if-cached' but no cached response is available.
20 silly unfinished npm timer reify 1777272803979
21 silly unfinished npm timer reify:loadTrees 1777272803979
22 silly unfinished npm timer idealTree:buildDeps 1777272804214
23 silly unfinished npm timer idealTree:node_modules/@tailwindcss/oxide-wasm32-wasi 1777272804215
24 verbose cwd D:\blog\dynamic-blog-portfolio
25 verbose os Windows_NT 10.0.19045
26 verbose node v24.13.1
27 verbose npm  v11.8.0
28 verbose exit 1
29 verbose code 1
30 error A complete log of this run can be found in: d:\blog\dynamic-blog-portfolio\.npm-cache\_logs\2026-04-27T06_53_23_602Z-debug-0.log
